[2026/02/26 02:22:41] ppocr INFO: Architecture : 
[2026/02/26 02:22:41] ppocr INFO:     Backbone : 
[2026/02/26 02:22:41] ppocr INFO:         model_name : small
[2026/02/26 02:22:41] ppocr INFO:         name : MobileNetV3
[2026/02/26 02:22:41] ppocr INFO:         scale : 0.5
[2026/02/26 02:22:41] ppocr INFO:     Head : 
[2026/02/26 02:22:41] ppocr INFO:         fc_decay : 1e-05
[2026/02/26 02:22:41] ppocr INFO:         name : CTCHead
[2026/02/26 02:22:41] ppocr INFO:     Neck : 
[2026/02/26 02:22:41] ppocr INFO:         encoder_type : rnn
[2026/02/26 02:22:41] ppocr INFO:         hidden_size : 48
[2026/02/26 02:22:41] ppocr INFO:         name : SequenceEncoder
[2026/02/26 02:22:41] ppocr INFO:     Transform : None
[2026/02/26 02:22:41] ppocr INFO:     algorithm : CRNN
[2026/02/26 02:22:41] ppocr INFO:     model_type : rec
[2026/02/26 02:22:41] ppocr INFO: Eval : 
[2026/02/26 02:22:41] ppocr INFO:     dataset : 
[2026/02/26 02:22:41] ppocr INFO:         data_dir : ./training_data/val
[2026/02/26 02:22:41] ppocr INFO:         label_file_list : ['./training_data/val/labels.txt']
[2026/02/26 02:22:41] ppocr INFO:         name : SimpleDataSet
[2026/02/26 02:22:41] ppocr INFO:         transforms : 
[2026/02/26 02:22:41] ppocr INFO:             DecodeImage : 
[2026/02/26 02:22:41] ppocr INFO:                 channel_first : False
[2026/02/26 02:22:41] ppocr INFO:                 img_mode : BGR
[2026/02/26 02:22:41] ppocr INFO:             CTCLabelEncode : None
[2026/02/26 02:22:41] ppocr INFO:             RecResizeImg : 
[2026/02/26 02:22:41] ppocr INFO:                 image_shape : [3, 32, 320]
[2026/02/26 02:22:41] ppocr INFO:             KeepKeys : 
[2026/02/26 02:22:41] ppocr INFO:                 keep_keys : ['image', 'label', 'length']
[2026/02/26 02:22:41] ppocr INFO:     loader : 
[2026/02/26 02:22:41] ppocr INFO:         batch_size_per_card : 64
[2026/02/26 02:22:41] ppocr INFO:         drop_last : False
[2026/02/26 02:22:41] ppocr INFO:         num_workers : 2
[2026/02/26 02:22:41] ppocr INFO:         shuffle : False
[2026/02/26 02:22:41] ppocr INFO: Global : 
[2026/02/26 02:22:41] ppocr INFO:     cal_metric_during_train : True
[2026/02/26 02:22:41] ppocr INFO:     character_dict_path : ./PaddleOCR/ppocr/utils/en_dict.txt
[2026/02/26 02:22:41] ppocr INFO:     checkpoints : None
[2026/02/26 02:22:41] ppocr INFO:     distributed : False
[2026/02/26 02:22:41] ppocr INFO:     epoch_num : 100
[2026/02/26 02:22:41] ppocr INFO:     eval_batch_step : [0, 500]
[2026/02/26 02:22:41] ppocr INFO:     log_smooth_window : 20
[2026/02/26 02:22:41] ppocr INFO:     max_text_length : 45
[2026/02/26 02:22:41] ppocr INFO:     pretrained_model : None
[2026/02/26 02:22:41] ppocr INFO:     print_batch_step : 50
[2026/02/26 02:22:41] ppocr INFO:     save_epoch_step : 1
[2026/02/26 02:22:41] ppocr INFO:     save_inference_dir : None
[2026/02/26 02:22:41] ppocr INFO:     save_model_dir : ./output/crnn_model
[2026/02/26 02:22:41] ppocr INFO:     use_gpu : False
[2026/02/26 02:22:41] ppocr INFO:     use_space_char : True
[2026/02/26 02:22:41] ppocr INFO:     use_visualdl : False
[2026/02/26 02:22:41] ppocr INFO: Loss : 
[2026/02/26 02:22:41] ppocr INFO:     name : CTCLoss
[2026/02/26 02:22:41] ppocr INFO: Metric : 
[2026/02/26 02:22:41] ppocr INFO:     main_indicator : acc
[2026/02/26 02:22:41] ppocr INFO:     name : RecMetric
[2026/02/26 02:22:41] ppocr INFO: Optimizer : 
[2026/02/26 02:22:41] ppocr INFO:     beta1 : 0.9
[2026/02/26 02:22:41] ppocr INFO:     beta2 : 0.999
[2026/02/26 02:22:41] ppocr INFO:     lr : 
[2026/02/26 02:22:41] ppocr INFO:         learning_rate : 0.001
[2026/02/26 02:22:41] ppocr INFO:         name : Cosine
[2026/02/26 02:22:41] ppocr INFO:         warmup_epoch : 5
[2026/02/26 02:22:41] ppocr INFO:     name : Adam
[2026/02/26 02:22:41] ppocr INFO: PostProcess : 
[2026/02/26 02:22:41] ppocr INFO:     name : CTCLabelDecode
[2026/02/26 02:22:41] ppocr INFO: Train : 
[2026/02/26 02:22:41] ppocr INFO:     dataset : 
[2026/02/26 02:22:41] ppocr INFO:         data_dir : ./training_data/train
[2026/02/26 02:22:41] ppocr INFO:         label_file_list : ['./training_data/train/labels.txt']
[2026/02/26 02:22:41] ppocr INFO:         name : SimpleDataSet
[2026/02/26 02:22:41] ppocr INFO:         transforms : 
[2026/02/26 02:22:41] ppocr INFO:             DecodeImage : 
[2026/02/26 02:22:41] ppocr INFO:                 channel_first : False
[2026/02/26 02:22:41] ppocr INFO:                 img_mode : BGR
[2026/02/26 02:22:41] ppocr INFO:             CTCLabelEncode : None
[2026/02/26 02:22:41] ppocr INFO:             RecResizeImg : 
[2026/02/26 02:22:41] ppocr INFO:                 image_shape : [3, 32, 320]
[2026/02/26 02:22:41] ppocr INFO:             KeepKeys : 
[2026/02/26 02:22:41] ppocr INFO:                 keep_keys : ['image', 'label', 'length']
[2026/02/26 02:22:41] ppocr INFO:     loader : 
[2026/02/26 02:22:41] ppocr INFO:         batch_size_per_card : 64
[2026/02/26 02:22:41] ppocr INFO:         drop_last : True
[2026/02/26 02:22:41] ppocr INFO:         num_workers : 4
[2026/02/26 02:22:41] ppocr INFO:         shuffle : True
[2026/02/26 02:22:41] ppocr INFO: profiler_options : None
[2026/02/26 02:22:41] ppocr INFO: train with paddle 2.6.2 and device Place(cpu)
[2026/02/26 02:22:41] ppocr INFO: Initialize indexes of datasets:['./training_data/train/labels.txt']
[2026/02/26 02:22:41] ppocr INFO: Initialize indexes of datasets:['./training_data/val/labels.txt']
[2026/02/26 02:22:42] ppocr INFO: train dataloader has 250 iters
[2026/02/26 02:22:42] ppocr INFO: valid dataloader has 63 iters
[2026/02/26 02:22:42] ppocr INFO: train from scratch
[2026/02/26 02:22:42] ppocr INFO: During the training process, after the 0th iteration, an evaluation is run every 500 iterations
[2026/02/26 02:27:28] ppocr INFO: epoch: [1/100], global_step: 50, lr: 0.000032, acc: 0.000000, norm_edit_dis: 0.054955, loss: 300.071655, avg_reader_cost: 0.00415 s, avg_batch_cost: 5.73649 s, avg_samples: 64.0, ips: 11.15665 samples/s, eta: 1 day, 15:45:25
[2026/02/26 02:32:34] ppocr INFO: epoch: [1/100], global_step: 100, lr: 0.000072, acc: 0.000000, norm_edit_dis: 0.000000, loss: 270.776840, avg_reader_cost: 0.00165 s, avg_batch_cost: 6.11654 s, avg_samples: 64.0, ips: 10.46344 samples/s, eta: 1 day, 16:59:30
[2026/02/26 02:39:20] ppocr INFO: epoch: [1/100], global_step: 150, lr: 0.000112, acc: 0.000000, norm_edit_dis: 0.000000, loss: 127.087807, avg_reader_cost: 0.00206 s, avg_batch_cost: 8.11420 s, avg_samples: 64.0, ips: 7.88741 samples/s, eta: 1 day, 21:56:35
